<?xml version="1.0" encoding="UTF-8"?>
<!-- Generated by org.testng.reporters.JUnitReportReporter -->
<testsuite hostname="abzal" failures="0" tests="2" name="tests.RecruitmentADD" time="2.436" errors="0" timestamp="2023-07-27T17:38:34 IST" skipped="0">
  <testcase classname="tests.RecruitmentADD" name="ADDvacancy" time="1.958"/>
  <testcase classname="tests.RecruitmentADD" name="delete_CurrentCreatedjob" time="0.478"/>
</testsuite> <!-- tests.RecruitmentADD -->
