<?xml version="1.0" encoding="UTF-8"?>
<!-- Generated by org.testng.reporters.JUnitReportReporter -->
<testsuite hostname="abzal" failures="0" tests="1" name="tests.AdminLoginTest" time="1.931" errors="0" timestamp="2023-07-27T17:38:34 IST" skipped="0">
  <testcase classname="tests.AdminLoginTest" name="AdminLogin" time="1.931"/>
</testsuite> <!-- tests.AdminLoginTest -->
