<?xml version="1.0" encoding="UTF-8"?>
<!-- Generated by org.testng.reporters.JUnitReportReporter -->
<testsuite hostname="abzal" failures="0" tests="3" name="tests.AddEmployee" time="5.039" errors="0" timestamp="2023-07-27T17:38:34 IST" skipped="0">
  <testcase classname="tests.AddEmployee" name="ADDEmployee" time="2.418"/>
  <testcase classname="tests.AddEmployee" name="EditEmployee" time="1.762"/>
  <testcase classname="tests.AddEmployee" name="New_Employee_Login" time="0.859"/>
</testsuite> <!-- tests.AddEmployee -->
